{"/Users/sibyl/quizzer_start/src/App.tsx": {"path":"/Users/sibyl/quizzer_start/src/App.tsx","statementMap":{"0":{"start":{"line":8,"column":34},"end":{"line":8,"column":57}},"1":{"start":{"line":10,"column":4},"end":{"line":26,"column":6}},"2":{"start":{"line":16,"column":24},"end":{"line":16,"column":45}}},"fnMap":{"0":{"name":"App","decl":{"start":{"line":7,"column":9},"end":{"line":7,"column":12}},"loc":{"start":{"line":7,"column":28},"end":{"line":27,"column":1}},"line":7},"1":{"name":"(anonymous_1)","decl":{"start":{"line":15,"column":29},"end":{"line":15,"column":30}},"loc":{"start":{"line":15,"column":35},"end":{"line":17,"column":21}},"line":15}},"branchMap":{"0":{"loc":{"start":{"line":19,"column":21},"end":{"line":19,"column":50}},"type":"cond-expr","locations":[{"start":{"line":19,"column":31},"end":{"line":19,"column":40}},{"start":{"line":19,"column":43},"end":{"line":19,"column":50}}],"line":19},"1":{"loc":{"start":{"line":22,"column":35},"end":{"line":22,"column":61}},"type":"cond-expr","locations":[{"start":{"line":22,"column":45},"end":{"line":22,"column":52}},{"start":{"line":22,"column":55},"end":{"line":22,"column":61}}],"line":22}},"s":{"0":2,"1":1,"2":0},"f":{"0":2,"1":0},"b":{"0":[1,0],"1":[1,0]},"_coverageSchema":"1a1c01bbd47fc00a2c39e90264f33305004495a9","hash":"6af64d4d354a3accdf0eeee16e258567876f6bfd"}
,"/Users/sibyl/quizzer_start/src/interfaces/question.ts": {"path":"/Users/sibyl/quizzer_start/src/interfaces/question.ts","statementMap":{},"fnMap":{},"branchMap":{},"s":{},"f":{},"b":{}}
,"/Users/sibyl/quizzer_start/src/interfaces/quiz.ts": {"path":"/Users/sibyl/quizzer_start/src/interfaces/quiz.ts","statementMap":{},"fnMap":{},"branchMap":{},"s":{},"f":{},"b":{}}
,"/Users/sibyl/quizzer_start/src/quizzer/AddQuizModal.tsx": {"path":"/Users/sibyl/quizzer_start/src/quizzer/AddQuizModal.tsx","statementMap":{"0":{"start":{"line":4,"column":28},"end":{"line":66,"column":1}},"1":{"start":{"line":13,"column":30},"end":{"line":13,"column":62}},"2":{"start":{"line":14,"column":28},"end":{"line":14,"column":67}},"3":{"start":{"line":16,"column":24},"end":{"line":21,"column":5}},"4":{"start":{"line":17,"column":8},"end":{"line":17,"column":29}},"5":{"start":{"line":18,"column":8},"end":{"line":18,"column":33}},"6":{"start":{"line":19,"column":8},"end":{"line":19,"column":39}},"7":{"start":{"line":20,"column":8},"end":{"line":20,"column":22}},"8":{"start":{"line":23,"column":4},"end":{"line":65,"column":6}},"9":{"start":{"line":36,"column":33},"end":{"line":36,"column":57}},"10":{"start":{"line":44,"column":32},"end":{"line":44,"column":55}},"11":{"start":{"line":52,"column":28},"end":{"line":52,"column":53}},"12":{"start":{"line":53,"column":28},"end":{"line":53,"column":59}},"13":{"start":{"line":54,"column":28},"end":{"line":54,"column":42}}},"fnMap":{"0":{"name":"(anonymous_0)","decl":{"start":{"line":4,"column":28},"end":{"line":4,"column":29}},"loc":{"start":{"line":12,"column":6},"end":{"line":66,"column":1}},"line":12},"1":{"name":"(anonymous_1)","decl":{"start":{"line":16,"column":24},"end":{"line":16,"column":25}},"loc":{"start":{"line":16,"column":30},"end":{"line":21,"column":5}},"line":16},"2":{"name":"(anonymous_2)","decl":{"start":{"line":34,"column":38},"end":{"line":34,"column":39}},"loc":{"start":{"line":36,"column":33},"end":{"line":36,"column":57}},"line":36},"3":{"name":"(anonymous_3)","decl":{"start":{"line":43,"column":38},"end":{"line":43,"column":39}},"loc":{"start":{"line":44,"column":32},"end":{"line":44,"column":55}},"line":44},"4":{"name":"(anonymous_4)","decl":{"start":{"line":51,"column":33},"end":{"line":51,"column":34}},"loc":{"start":{"line":51,"column":39},"end":{"line":55,"column":25}},"line":51}},"branchMap":{},"s":{"0":2,"1":15,"2":15,"3":15,"4":0,"5":0,"6":0,"7":0,"8":15,"9":0,"10":0,"11":0,"12":0,"13":0},"f":{"0":15,"1":0,"2":0,"3":0,"4":0},"b":{},"_coverageSchema":"1a1c01bbd47fc00a2c39e90264f33305004495a9","hash":"45ee868d5ff533ebb41a7050b82aa604cc089363"}
,"/Users/sibyl/quizzer_start/src/quizzer/QuestionEdit.tsx": {"path":"/Users/sibyl/quizzer_start/src/quizzer/QuestionEdit.tsx","statementMap":{"0":{"start":{"line":7,"column":28},"end":{"line":270,"column":1}},"1":{"start":{"line":22,"column":19},"end":{"line":24,"column":5}},"2":{"start":{"line":23,"column":50},"end":{"line":23,"column":73}},"3":{"start":{"line":26,"column":25},"end":{"line":31,"column":5}},"4":{"start":{"line":27,"column":8},"end":{"line":30,"column":10}},"5":{"start":{"line":33,"column":29},"end":{"line":43,"column":5}},"6":{"start":{"line":34,"column":8},"end":{"line":34,"column":13}},"7":{"start":{"line":36,"column":12},"end":{"line":36,"column":71}},"8":{"start":{"line":37,"column":8},"end":{"line":42,"column":11}},"9":{"start":{"line":55,"column":25},"end":{"line":58,"column":5}},"10":{"start":{"line":56,"column":5},"end":{"line":56,"column":47}},"11":{"start":{"line":57,"column":8},"end":{"line":57,"column":44}},"12":{"start":{"line":60,"column":31},"end":{"line":71,"column":5}},"13":{"start":{"line":64,"column":27},"end":{"line":64,"column":48}},"14":{"start":{"line":65,"column":8},"end":{"line":65,"column":48}},"15":{"start":{"line":66,"column":8},"end":{"line":70,"column":11}},"16":{"start":{"line":73,"column":30},"end":{"line":80,"column":5}},"17":{"start":{"line":74,"column":20},"end":{"line":74,"column":44}},"18":{"start":{"line":75,"column":8},"end":{"line":75,"column":15}},"19":{"start":{"line":76,"column":8},"end":{"line":79,"column":11}},"20":{"start":{"line":82,"column":4},"end":{"line":269,"column":6}},"21":{"start":{"line":99,"column":36},"end":{"line":102,"column":39}},"22":{"start":{"line":131,"column":40},"end":{"line":131,"column":53}},"23":{"start":{"line":175,"column":44},"end":{"line":178,"column":47}},"24":{"start":{"line":188,"column":44},"end":{"line":215,"column":50}},"25":{"start":{"line":209,"column":56},"end":{"line":212,"column":58}},"26":{"start":{"line":227,"column":32},"end":{"line":227,"column":63}},"27":{"start":{"line":236,"column":32},"end":{"line":236,"column":63}},"28":{"start":{"line":252,"column":28},"end":{"line":255,"column":31}},"29":{"start":{"line":261,"column":28},"end":{"line":261,"column":56}}},"fnMap":{"0":{"name":"(anonymous_0)","decl":{"start":{"line":7,"column":28},"end":{"line":7,"column":29}},"loc":{"start":{"line":21,"column":6},"end":{"line":270,"column":1}},"line":21},"1":{"name":"(anonymous_1)","decl":{"start":{"line":23,"column":35},"end":{"line":23,"column":36}},"loc":{"start":{"line":23,"column":50},"end":{"line":23,"column":73}},"line":23},"2":{"name":"(anonymous_2)","decl":{"start":{"line":26,"column":25},"end":{"line":26,"column":26}},"loc":{"start":{"line":26,"column":69},"end":{"line":31,"column":5}},"line":26},"3":{"name":"(anonymous_3)","decl":{"start":{"line":33,"column":29},"end":{"line":33,"column":30}},"loc":{"start":{"line":33,"column":73},"end":{"line":43,"column":5}},"line":33},"4":{"name":"(anonymous_4)","decl":{"start":{"line":55,"column":25},"end":{"line":55,"column":26}},"loc":{"start":{"line":55,"column":69},"end":{"line":58,"column":5}},"line":55},"5":{"name":"(anonymous_5)","decl":{"start":{"line":60,"column":31},"end":{"line":60,"column":32}},"loc":{"start":{"line":63,"column":9},"end":{"line":71,"column":5}},"line":63},"6":{"name":"(anonymous_6)","decl":{"start":{"line":73,"column":30},"end":{"line":73,"column":31}},"loc":{"start":{"line":73,"column":74},"end":{"line":80,"column":5}},"line":73},"7":{"name":"(anonymous_7)","decl":{"start":{"line":96,"column":42},"end":{"line":96,"column":43}},"loc":{"start":{"line":98,"column":37},"end":{"line":103,"column":33}},"line":98},"8":{"name":"(anonymous_8)","decl":{"start":{"line":129,"column":46},"end":{"line":129,"column":47}},"loc":{"start":{"line":129,"column":91},"end":{"line":132,"column":37}},"line":129},"9":{"name":"(anonymous_9)","decl":{"start":{"line":172,"column":50},"end":{"line":172,"column":51}},"loc":{"start":{"line":174,"column":45},"end":{"line":179,"column":41}},"line":174},"10":{"name":"(anonymous_10)","decl":{"start":{"line":187,"column":40},"end":{"line":187,"column":41}},"loc":{"start":{"line":188,"column":44},"end":{"line":215,"column":50}},"line":188},"11":{"name":"(anonymous_11)","decl":{"start":{"line":206,"column":62},"end":{"line":206,"column":63}},"loc":{"start":{"line":208,"column":57},"end":{"line":213,"column":53}},"line":208},"12":{"name":"(anonymous_12)","decl":{"start":{"line":226,"column":37},"end":{"line":226,"column":38}},"loc":{"start":{"line":226,"column":43},"end":{"line":228,"column":29}},"line":226},"13":{"name":"(anonymous_13)","decl":{"start":{"line":235,"column":37},"end":{"line":235,"column":38}},"loc":{"start":{"line":235,"column":43},"end":{"line":237,"column":29}},"line":235},"14":{"name":"(anonymous_14)","decl":{"start":{"line":251,"column":34},"end":{"line":251,"column":35}},"loc":{"start":{"line":251,"column":78},"end":{"line":256,"column":25}},"line":251},"15":{"name":"(anonymous_15)","decl":{"start":{"line":260,"column":33},"end":{"line":260,"column":34}},"loc":{"start":{"line":260,"column":39},"end":{"line":262,"column":25}},"line":260}},"branchMap":{"0":{"loc":{"start":{"line":36,"column":12},"end":{"line":36,"column":71}},"type":"cond-expr","locations":[{"start":{"line":36,"column":43},"end":{"line":36,"column":44}},{"start":{"line":36,"column":47},"end":{"line":36,"column":71}}],"line":36},"1":{"loc":{"start":{"line":69,"column":22},"end":{"line":69,"column":66}},"type":"cond-expr","locations":[{"start":{"line":69,"column":32},"end":{"line":69,"column":46}},{"start":{"line":69,"column":49},"end":{"line":69,"column":66}}],"line":69},"2":{"loc":{"start":{"line":118,"column":31},"end":{"line":118,"column":63}},"type":"cond-expr","locations":[{"start":{"line":118,"column":55},"end":{"line":118,"column":58}},{"start":{"line":118,"column":61},"end":{"line":118,"column":63}}],"line":118},"3":{"loc":{"start":{"line":152,"column":29},"end":{"line":164,"column":29}},"type":"binary-expr","locations":[{"start":{"line":152,"column":29},"end":{"line":152,"column":73}},{"start":{"line":153,"column":32},"end":{"line":163,"column":35}}],"line":152},"4":{"loc":{"start":{"line":167,"column":29},"end":{"line":182,"column":29}},"type":"binary-expr","locations":[{"start":{"line":167,"column":29},"end":{"line":167,"column":70}},{"start":{"line":168,"column":32},"end":{"line":181,"column":45}}],"line":167},"5":{"loc":{"start":{"line":183,"column":29},"end":{"line":219,"column":29}},"type":"binary-expr","locations":[{"start":{"line":183,"column":29},"end":{"line":183,"column":73}},{"start":{"line":184,"column":32},"end":{"line":218,"column":45}}],"line":183}},"s":{"0":2,"1":0,"2":0,"3":0,"4":0,"5":0,"6":0,"7":0,"8":0,"9":0,"10":0,"11":0,"12":0,"13":0,"14":0,"15":0,"16":0,"17":0,"18":0,"19":0,"20":0,"21":0,"22":0,"23":0,"24":0,"25":0,"26":0,"27":0,"28":0,"29":0},"f":{"0":0,"1":0,"2":0,"3":0,"4":0,"5":0,"6":0,"7":0,"8":0,"9":0,"10":0,"11":0,"12":0,"13":0,"14":0,"15":0},"b":{"0":[0,0],"1":[0,0],"2":[0,0],"3":[0,0],"4":[0,0],"5":[0,0]},"_coverageSchema":"1a1c01bbd47fc00a2c39e90264f33305004495a9","hash":"1948b62a747d3a980f06b6ce3e2e4f252c46b76c"}
,"/Users/sibyl/quizzer_start/src/quizzer/QuizCard.tsx": {"path":"/Users/sibyl/quizzer_start/src/quizzer/QuizCard.tsx","statementMap":{"0":{"start":{"line":7,"column":24},"end":{"line":38,"column":1}},"1":{"start":{"line":14,"column":30},"end":{"line":17,"column":5}},"2":{"start":{"line":16,"column":12},"end":{"line":16,"column":62}},"3":{"start":{"line":19,"column":4},"end":{"line":37,"column":6}},"4":{"start":{"line":25,"column":24},"end":{"line":25,"column":45}}},"fnMap":{"0":{"name":"(anonymous_0)","decl":{"start":{"line":7,"column":24},"end":{"line":7,"column":25}},"loc":{"start":{"line":13,"column":6},"end":{"line":38,"column":1}},"line":13},"1":{"name":"(anonymous_1)","decl":{"start":{"line":15,"column":8},"end":{"line":15,"column":9}},"loc":{"start":{"line":16,"column":12},"end":{"line":16,"column":62}},"line":16},"2":{"name":"(anonymous_2)","decl":{"start":{"line":24,"column":29},"end":{"line":24,"column":30}},"loc":{"start":{"line":24,"column":35},"end":{"line":26,"column":21}},"line":24}},"branchMap":{"0":{"loc":{"start":{"line":16,"column":12},"end":{"line":16,"column":62}},"type":"binary-expr","locations":[{"start":{"line":16,"column":13},"end":{"line":16,"column":27}},{"start":{"line":16,"column":31},"end":{"line":16,"column":42}},{"start":{"line":16,"column":47},"end":{"line":16,"column":62}}],"line":16},"1":{"loc":{"start":{"line":32,"column":21},"end":{"line":32,"column":62}},"type":"cond-expr","locations":[{"start":{"line":32,"column":54},"end":{"line":32,"column":57}},{"start":{"line":32,"column":60},"end":{"line":32,"column":62}}],"line":32}},"s":{"0":2,"1":75,"2":300,"3":75,"4":0},"f":{"0":75,"1":300,"2":0},"b":{"0":[300,255,135],"1":[75,0]},"_coverageSchema":"1a1c01bbd47fc00a2c39e90264f33305004495a9","hash":"0d07a961754adcd2d247d4e15b375ebdf1227155"}
,"/Users/sibyl/quizzer_start/src/quizzer/QuizEdit.tsx": {"path":"/Users/sibyl/quizzer_start/src/quizzer/QuizEdit.tsx","statementMap":{"0":{"start":{"line":9,"column":24},"end":{"line":177,"column":1}},"1":{"start":{"line":22,"column":34},"end":{"line":22,"column":61}},"2":{"start":{"line":24,"column":25},"end":{"line":35,"column":5}},"3":{"start":{"line":25,"column":8},"end":{"line":34,"column":11}},"4":{"start":{"line":28,"column":16},"end":{"line":32,"column":17}},"5":{"start":{"line":29,"column":20},"end":{"line":29,"column":39}},"6":{"start":{"line":31,"column":20},"end":{"line":31,"column":29}},"7":{"start":{"line":37,"column":27},"end":{"line":43,"column":5}},"8":{"start":{"line":38,"column":8},"end":{"line":42,"column":11}},"9":{"start":{"line":40,"column":61},"end":{"line":40,"column":80}},"10":{"start":{"line":45,"column":24},"end":{"line":47,"column":5}},"11":{"start":{"line":46,"column":8},"end":{"line":46,"column":42}},"12":{"start":{"line":49,"column":25},"end":{"line":60,"column":5}},"13":{"start":{"line":50,"column":8},"end":{"line":59,"column":11}},"14":{"start":{"line":54,"column":20},"end":{"line":54,"column":72}},"15":{"start":{"line":54,"column":38},"end":{"line":54,"column":72}},"16":{"start":{"line":55,"column":20},"end":{"line":55,"column":72}},"17":{"start":{"line":55,"column":38},"end":{"line":55,"column":72}},"18":{"start":{"line":56,"column":20},"end":{"line":56,"column":29}},"19":{"start":{"line":62,"column":4},"end":{"line":176,"column":6}},"20":{"start":{"line":74,"column":36},"end":{"line":77,"column":38}},"21":{"start":{"line":91,"column":32},"end":{"line":94,"column":35}},"22":{"start":{"line":104,"column":28},"end":{"line":104,"column":76}},"23":{"start":{"line":112,"column":20},"end":{"line":120,"column":36}},"24":{"start":{"line":128,"column":24},"end":{"line":143,"column":27}},"25":{"start":{"line":154,"column":32},"end":{"line":154,"column":46}},"26":{"start":{"line":155,"column":32},"end":{"line":155,"column":45}},"27":{"start":{"line":167,"column":28},"end":{"line":167,"column":48}},"28":{"start":{"line":168,"column":28},"end":{"line":168,"column":40}}},"fnMap":{"0":{"name":"(anonymous_0)","decl":{"start":{"line":9,"column":24},"end":{"line":9,"column":25}},"loc":{"start":{"line":21,"column":6},"end":{"line":177,"column":1}},"line":21},"1":{"name":"(anonymous_1)","decl":{"start":{"line":24,"column":25},"end":{"line":24,"column":26}},"loc":{"start":{"line":24,"column":72},"end":{"line":35,"column":5}},"line":24},"2":{"name":"(anonymous_2)","decl":{"start":{"line":27,"column":51},"end":{"line":27,"column":52}},"loc":{"start":{"line":27,"column":58},"end":{"line":33,"column":13}},"line":27},"3":{"name":"(anonymous_3)","decl":{"start":{"line":37,"column":27},"end":{"line":37,"column":28}},"loc":{"start":{"line":37,"column":51},"end":{"line":43,"column":5}},"line":37},"4":{"name":"(anonymous_4)","decl":{"start":{"line":40,"column":54},"end":{"line":40,"column":55}},"loc":{"start":{"line":40,"column":61},"end":{"line":40,"column":80}},"line":40},"5":{"name":"(anonymous_5)","decl":{"start":{"line":45,"column":24},"end":{"line":45,"column":25}},"loc":{"start":{"line":45,"column":30},"end":{"line":47,"column":5}},"line":45},"6":{"name":"(anonymous_6)","decl":{"start":{"line":49,"column":25},"end":{"line":49,"column":26}},"loc":{"start":{"line":49,"column":57},"end":{"line":60,"column":5}},"line":49},"7":{"name":"(anonymous_7)","decl":{"start":{"line":53,"column":16},"end":{"line":53,"column":17}},"loc":{"start":{"line":53,"column":56},"end":{"line":57,"column":17}},"line":53},"8":{"name":"(anonymous_8)","decl":{"start":{"line":71,"column":42},"end":{"line":71,"column":43}},"loc":{"start":{"line":74,"column":36},"end":{"line":77,"column":38}},"line":74},"9":{"name":"(anonymous_9)","decl":{"start":{"line":88,"column":38},"end":{"line":88,"column":39}},"loc":{"start":{"line":90,"column":33},"end":{"line":95,"column":29}},"line":90},"10":{"name":"(anonymous_10)","decl":{"start":{"line":103,"column":34},"end":{"line":103,"column":35}},"loc":{"start":{"line":104,"column":28},"end":{"line":104,"column":76}},"line":104},"11":{"name":"(anonymous_11)","decl":{"start":{"line":111,"column":42},"end":{"line":111,"column":43}},"loc":{"start":{"line":112,"column":20},"end":{"line":120,"column":36}},"line":112},"12":{"name":"(anonymous_12)","decl":{"start":{"line":127,"column":29},"end":{"line":127,"column":30}},"loc":{"start":{"line":127,"column":35},"end":{"line":144,"column":21}},"line":127},"13":{"name":"(anonymous_13)","decl":{"start":{"line":153,"column":37},"end":{"line":153,"column":38}},"loc":{"start":{"line":153,"column":43},"end":{"line":156,"column":29}},"line":153},"14":{"name":"(anonymous_14)","decl":{"start":{"line":166,"column":33},"end":{"line":166,"column":34}},"loc":{"start":{"line":166,"column":39},"end":{"line":169,"column":25}},"line":166}},"branchMap":{"0":{"loc":{"start":{"line":28,"column":16},"end":{"line":32,"column":17}},"type":"if","locations":[{"start":{"line":28,"column":16},"end":{"line":32,"column":17}},{"start":{"line":30,"column":23},"end":{"line":32,"column":17}}],"line":28},"1":{"loc":{"start":{"line":54,"column":20},"end":{"line":54,"column":72}},"type":"if","locations":[{"start":{"line":54,"column":20},"end":{"line":54,"column":72}},{"start":{},"end":{}}],"line":54},"2":{"loc":{"start":{"line":55,"column":20},"end":{"line":55,"column":72}},"type":"if","locations":[{"start":{"line":55,"column":20},"end":{"line":55,"column":72}},{"start":{},"end":{}}],"line":55}},"s":{"0":2,"1":0,"2":0,"3":0,"4":0,"5":0,"6":0,"7":0,"8":0,"9":0,"10":0,"11":0,"12":0,"13":0,"14":0,"15":0,"16":0,"17":0,"18":0,"19":0,"20":0,"21":0,"22":0,"23":0,"24":0,"25":0,"26":0,"27":0,"28":0},"f":{"0":0,"1":0,"2":0,"3":0,"4":0,"5":0,"6":0,"7":0,"8":0,"9":0,"10":0,"11":0,"12":0,"13":0,"14":0},"b":{"0":[0,0],"1":[0,0],"2":[0,0]},"_coverageSchema":"1a1c01bbd47fc00a2c39e90264f33305004495a9","hash":"e2d1f462b1caba0d3c369600d3d9c52d37d35589"}
,"/Users/sibyl/quizzer_start/src/quizzer/QuizExpanded.tsx": {"path":"/Users/sibyl/quizzer_start/src/quizzer/QuizExpanded.tsx","statementMap":{"0":{"start":{"line":9,"column":28},"end":{"line":126,"column":1}},"1":{"start":{"line":20,"column":30},"end":{"line":23,"column":5}},"2":{"start":{"line":22,"column":12},"end":{"line":22,"column":62}},"3":{"start":{"line":25,"column":20},"end":{"line":25,"column":39}},"4":{"start":{"line":26,"column":38},"end":{"line":28,"column":5}},"5":{"start":{"line":30,"column":33},"end":{"line":34,"column":5}},"6":{"start":{"line":31,"column":29},"end":{"line":31,"column":43}},"7":{"start":{"line":32,"column":8},"end":{"line":32,"column":44}},"8":{"start":{"line":33,"column":8},"end":{"line":33,"column":35}},"9":{"start":{"line":36,"column":24},"end":{"line":39,"column":5}},"10":{"start":{"line":37,"column":47},"end":{"line":37,"column":62}},"11":{"start":{"line":41,"column":22},"end":{"line":43,"column":5}},"12":{"start":{"line":42,"column":8},"end":{"line":42,"column":41}},"13":{"start":{"line":42,"column":26},"end":{"line":42,"column":39}},"14":{"start":{"line":45,"column":18},"end":{"line":55,"column":5}},"15":{"start":{"line":46,"column":8},"end":{"line":46,"column":58}},"16":{"start":{"line":47,"column":8},"end":{"line":52,"column":11}},"17":{"start":{"line":50,"column":44},"end":{"line":50,"column":68}},"18":{"start":{"line":54,"column":8},"end":{"line":54,"column":14}},"19":{"start":{"line":57,"column":28},"end":{"line":71,"column":5}},"20":{"start":{"line":58,"column":8},"end":{"line":70,"column":11}},"21":{"start":{"line":61,"column":16},"end":{"line":66,"column":17}},"22":{"start":{"line":62,"column":20},"end":{"line":65,"column":22}},"23":{"start":{"line":67,"column":16},"end":{"line":67,"column":25}},"24":{"start":{"line":73,"column":4},"end":{"line":125,"column":6}},"25":{"start":{"line":88,"column":28},"end":{"line":88,"column":36}},"26":{"start":{"line":89,"column":28},"end":{"line":89,"column":41}},"27":{"start":{"line":105,"column":16},"end":{"line":113,"column":32}}},"fnMap":{"0":{"name":"(anonymous_0)","decl":{"start":{"line":9,"column":28},"end":{"line":9,"column":29}},"loc":{"start":{"line":19,"column":6},"end":{"line":126,"column":1}},"line":19},"1":{"name":"(anonymous_1)","decl":{"start":{"line":21,"column":8},"end":{"line":21,"column":9}},"loc":{"start":{"line":22,"column":12},"end":{"line":22,"column":62}},"line":22},"2":{"name":"(anonymous_2)","decl":{"start":{"line":30,"column":33},"end":{"line":30,"column":34}},"loc":{"start":{"line":30,"column":52},"end":{"line":34,"column":5}},"line":30},"3":{"name":"(anonymous_3)","decl":{"start":{"line":37,"column":8},"end":{"line":37,"column":9}},"loc":{"start":{"line":37,"column":47},"end":{"line":37,"column":62}},"line":37},"4":{"name":"(anonymous_4)","decl":{"start":{"line":41,"column":22},"end":{"line":41,"column":23}},"loc":{"start":{"line":41,"column":37},"end":{"line":43,"column":5}},"line":41},"5":{"name":"(anonymous_5)","decl":{"start":{"line":42,"column":11},"end":{"line":42,"column":12}},"loc":{"start":{"line":42,"column":26},"end":{"line":42,"column":39}},"line":42},"6":{"name":"(anonymous_6)","decl":{"start":{"line":45,"column":18},"end":{"line":45,"column":19}},"loc":{"start":{"line":45,"column":24},"end":{"line":55,"column":5}},"line":45},"7":{"name":"(anonymous_7)","decl":{"start":{"line":50,"column":16},"end":{"line":50,"column":17}},"loc":{"start":{"line":50,"column":44},"end":{"line":50,"column":68}},"line":50},"8":{"name":"(anonymous_8)","decl":{"start":{"line":57,"column":28},"end":{"line":57,"column":29}},"loc":{"start":{"line":57,"column":65},"end":{"line":71,"column":5}},"line":57},"9":{"name":"(anonymous_9)","decl":{"start":{"line":60,"column":48},"end":{"line":60,"column":49}},"loc":{"start":{"line":60,"column":55},"end":{"line":68,"column":13}},"line":60},"10":{"name":"(anonymous_10)","decl":{"start":{"line":87,"column":33},"end":{"line":87,"column":34}},"loc":{"start":{"line":87,"column":39},"end":{"line":90,"column":25}},"line":87},"11":{"name":"(anonymous_11)","decl":{"start":{"line":104,"column":35},"end":{"line":104,"column":36}},"loc":{"start":{"line":105,"column":16},"end":{"line":113,"column":32}},"line":105}},"branchMap":{"0":{"loc":{"start":{"line":22,"column":12},"end":{"line":22,"column":62}},"type":"binary-expr","locations":[{"start":{"line":22,"column":13},"end":{"line":22,"column":27}},{"start":{"line":22,"column":31},"end":{"line":22,"column":42}},{"start":{"line":22,"column":47},"end":{"line":22,"column":62}}],"line":22},"1":{"loc":{"start":{"line":61,"column":16},"end":{"line":66,"column":17}},"type":"if","locations":[{"start":{"line":61,"column":16},"end":{"line":66,"column":17}},{"start":{},"end":{}}],"line":61},"2":{"loc":{"start":{"line":80,"column":25},"end":{"line":80,"column":66}},"type":"cond-expr","locations":[{"start":{"line":80,"column":58},"end":{"line":80,"column":61}},{"start":{"line":80,"column":64},"end":{"line":80,"column":66}}],"line":80}},"s":{"0":2,"1":0,"2":0,"3":0,"4":0,"5":0,"6":0,"7":0,"8":0,"9":0,"10":0,"11":0,"12":0,"13":0,"14":0,"15":0,"16":0,"17":0,"18":0,"19":0,"20":0,"21":0,"22":0,"23":0,"24":0,"25":0,"26":0,"27":0},"f":{"0":0,"1":0,"2":0,"3":0,"4":0,"5":0,"6":0,"7":0,"8":0,"9":0,"10":0,"11":0},"b":{"0":[0,0,0],"1":[0,0],"2":[0,0]},"_coverageSchema":"1a1c01bbd47fc00a2c39e90264f33305004495a9","hash":"9493e9487f0a88675cf2a2f768491ab15ab13793"}
,"/Users/sibyl/quizzer_start/src/quizzer/QuizList.tsx": {"path":"/Users/sibyl/quizzer_start/src/quizzer/QuizList.tsx","statementMap":{"0":{"start":{"line":8,"column":24},"end":{"line":61,"column":1}},"1":{"start":{"line":19,"column":38},"end":{"line":19,"column":67}},"2":{"start":{"line":21,"column":27},"end":{"line":23,"column":5}},"3":{"start":{"line":22,"column":8},"end":{"line":22,"column":25}},"4":{"start":{"line":25,"column":26},"end":{"line":27,"column":5}},"5":{"start":{"line":26,"column":8},"end":{"line":26,"column":27}},"6":{"start":{"line":29,"column":4},"end":{"line":60,"column":6}},"7":{"start":{"line":34,"column":24},"end":{"line":38,"column":36}},"8":{"start":{"line":46,"column":16},"end":{"line":56,"column":17}},"9":{"start":{"line":47,"column":20},"end":{"line":55,"column":22}},"10":{"start":{"line":57,"column":16},"end":{"line":57,"column":28}}},"fnMap":{"0":{"name":"(anonymous_0)","decl":{"start":{"line":8,"column":24},"end":{"line":8,"column":25}},"loc":{"start":{"line":18,"column":6},"end":{"line":61,"column":1}},"line":18},"1":{"name":"(anonymous_1)","decl":{"start":{"line":21,"column":27},"end":{"line":21,"column":28}},"loc":{"start":{"line":21,"column":43},"end":{"line":23,"column":5}},"line":21},"2":{"name":"(anonymous_2)","decl":{"start":{"line":25,"column":26},"end":{"line":25,"column":27}},"loc":{"start":{"line":25,"column":32},"end":{"line":27,"column":5}},"line":25},"3":{"name":"(anonymous_3)","decl":{"start":{"line":33,"column":33},"end":{"line":33,"column":34}},"loc":{"start":{"line":34,"column":24},"end":{"line":38,"column":36}},"line":34},"4":{"name":"(anonymous_4)","decl":{"start":{"line":45,"column":25},"end":{"line":45,"column":26}},"loc":{"start":{"line":45,"column":41},"end":{"line":58,"column":13}},"line":45}},"branchMap":{"0":{"loc":{"start":{"line":31,"column":13},"end":{"line":44,"column":13}},"type":"binary-expr","locations":[{"start":{"line":31,"column":13},"end":{"line":31,"column":23}},{"start":{"line":32,"column":16},"end":{"line":43,"column":19}}],"line":31},"1":{"loc":{"start":{"line":46,"column":16},"end":{"line":56,"column":17}},"type":"if","locations":[{"start":{"line":46,"column":16},"end":{"line":56,"column":17}},{"start":{},"end":{}}],"line":46}},"s":{"0":2,"1":15,"2":15,"3":0,"4":15,"5":0,"6":15,"7":75,"8":75,"9":0,"10":75},"f":{"0":15,"1":0,"2":0,"3":75,"4":75},"b":{"0":[15,15],"1":[0,75]},"_coverageSchema":"1a1c01bbd47fc00a2c39e90264f33305004495a9","hash":"bfd5aefa4447f7a8c6356c73a1a8f022ef0acd45"}
,"/Users/sibyl/quizzer_start/src/quizzer/QuizQuestion.tsx": {"path":"/Users/sibyl/quizzer_start/src/quizzer/QuizQuestion.tsx","statementMap":{"0":{"start":{"line":8,"column":28},"end":{"line":93,"column":1}},"1":{"start":{"line":23,"column":24},"end":{"line":27,"column":5}},"2":{"start":{"line":24,"column":8},"end":{"line":26,"column":9}},"3":{"start":{"line":25,"column":12},"end":{"line":25,"column":57}},"4":{"start":{"line":29,"column":30},"end":{"line":34,"column":5}},"5":{"start":{"line":30,"column":8},"end":{"line":30,"column":28}},"6":{"start":{"line":31,"column":8},"end":{"line":33,"column":9}},"7":{"start":{"line":32,"column":12},"end":{"line":32,"column":25}},"8":{"start":{"line":36,"column":4},"end":{"line":92,"column":6}},"9":{"start":{"line":62,"column":36},"end":{"line":70,"column":38}}},"fnMap":{"0":{"name":"(anonymous_0)","decl":{"start":{"line":8,"column":28},"end":{"line":8,"column":29}},"loc":{"start":{"line":22,"column":6},"end":{"line":93,"column":1}},"line":22},"1":{"name":"(anonymous_1)","decl":{"start":{"line":23,"column":24},"end":{"line":23,"column":25}},"loc":{"start":{"line":23,"column":44},"end":{"line":27,"column":5}},"line":23},"2":{"name":"(anonymous_2)","decl":{"start":{"line":29,"column":30},"end":{"line":29,"column":31}},"loc":{"start":{"line":29,"column":36},"end":{"line":34,"column":5}},"line":29},"3":{"name":"(anonymous_3)","decl":{"start":{"line":61,"column":32},"end":{"line":61,"column":33}},"loc":{"start":{"line":62,"column":36},"end":{"line":70,"column":38}},"line":62}},"branchMap":{"0":{"loc":{"start":{"line":24,"column":8},"end":{"line":26,"column":9}},"type":"if","locations":[{"start":{"line":24,"column":8},"end":{"line":26,"column":9}},{"start":{},"end":{}}],"line":24},"1":{"loc":{"start":{"line":31,"column":8},"end":{"line":33,"column":9}},"type":"if","locations":[{"start":{"line":31,"column":8},"end":{"line":33,"column":9}},{"start":{},"end":{}}],"line":31},"2":{"loc":{"start":{"line":45,"column":45},"end":{"line":45,"column":77}},"type":"cond-expr","locations":[{"start":{"line":45,"column":69},"end":{"line":45,"column":72}},{"start":{"line":45,"column":75},"end":{"line":45,"column":77}}],"line":45},"3":{"loc":{"start":{"line":49,"column":21},"end":{"line":57,"column":21}},"type":"binary-expr","locations":[{"start":{"line":49,"column":21},"end":{"line":49,"column":62}},{"start":{"line":50,"column":24},"end":{"line":56,"column":37}}],"line":49},"4":{"loc":{"start":{"line":58,"column":21},"end":{"line":74,"column":21}},"type":"binary-expr","locations":[{"start":{"line":58,"column":21},"end":{"line":58,"column":65}},{"start":{"line":59,"column":24},"end":{"line":73,"column":30}}],"line":58},"5":{"loc":{"start":{"line":76,"column":39},"end":{"line":76,"column":64}},"type":"cond-expr","locations":[{"start":{"line":76,"column":51},"end":{"line":76,"column":53}},{"start":{"line":76,"column":56},"end":{"line":76,"column":64}}],"line":76},"6":{"loc":{"start":{"line":77,"column":29},"end":{"line":79,"column":37}},"type":"cond-expr","locations":[{"start":{"line":78,"column":34},"end":{"line":78,"column":38}},{"start":{"line":79,"column":34},"end":{"line":79,"column":37}}],"line":77}},"s":{"0":2,"1":0,"2":0,"3":0,"4":0,"5":0,"6":0,"7":0,"8":0,"9":0},"f":{"0":0,"1":0,"2":0,"3":0},"b":{"0":[0,0],"1":[0,0],"2":[0,0],"3":[0,0],"4":[0,0],"5":[0,0],"6":[0,0]},"_coverageSchema":"1a1c01bbd47fc00a2c39e90264f33305004495a9","hash":"daf0ce7411debd8154e3b0623d24ca32d7f04974"}
,"/Users/sibyl/quizzer_start/src/quizzer/QuizView.tsx": {"path":"/Users/sibyl/quizzer_start/src/quizzer/QuizView.tsx","statementMap":{"0":{"start":{"line":8,"column":24},"end":{"line":45,"column":1}},"1":{"start":{"line":19,"column":28},"end":{"line":19,"column":43}},"2":{"start":{"line":21,"column":23},"end":{"line":23,"column":5}},"3":{"start":{"line":22,"column":8},"end":{"line":22,"column":22}},"4":{"start":{"line":25,"column":4},"end":{"line":44,"column":6}}},"fnMap":{"0":{"name":"(anonymous_0)","decl":{"start":{"line":8,"column":24},"end":{"line":8,"column":25}},"loc":{"start":{"line":18,"column":6},"end":{"line":45,"column":1}},"line":18},"1":{"name":"(anonymous_1)","decl":{"start":{"line":21,"column":23},"end":{"line":21,"column":24}},"loc":{"start":{"line":21,"column":29},"end":{"line":23,"column":5}},"line":21}},"branchMap":{"0":{"loc":{"start":{"line":27,"column":13},"end":{"line":42,"column":13}},"type":"cond-expr","locations":[{"start":{"line":28,"column":16},"end":{"line":34,"column":18}},{"start":{"line":36,"column":16},"end":{"line":41,"column":18}}],"line":27}},"s":{"0":2,"1":0,"2":0,"3":0,"4":0},"f":{"0":0,"1":0},"b":{"0":[0,0]},"_coverageSchema":"1a1c01bbd47fc00a2c39e90264f33305004495a9","hash":"0ba56693c4f3f92e9a61248a093ff95b381730a7"}
,"/Users/sibyl/quizzer_start/src/quizzer/Quizzer.tsx": {"path":"/Users/sibyl/quizzer_start/src/quizzer/Quizzer.tsx","statementMap":{"0":{"start":{"line":10,"column":16},"end":{"line":21,"column":1}},"1":{"start":{"line":11,"column":21},"end":{"line":20,"column":5}},"2":{"start":{"line":14,"column":30},"end":{"line":18,"column":13}},"3":{"start":{"line":23,"column":23},"end":{"line":115,"column":1}},"4":{"start":{"line":24,"column":34},"end":{"line":24,"column":59}},"5":{"start":{"line":25,"column":44},"end":{"line":25,"column":59}},"6":{"start":{"line":28,"column":8},"end":{"line":30,"column":10}},"7":{"start":{"line":29,"column":44},"end":{"line":29,"column":70}},"8":{"start":{"line":34,"column":30},"end":{"line":40,"column":9}},"9":{"start":{"line":41,"column":8},"end":{"line":41,"column":42}},"10":{"start":{"line":45,"column":8},"end":{"line":45,"column":71}},"11":{"start":{"line":45,"column":56},"end":{"line":45,"column":68}},"12":{"start":{"line":48,"column":28},"end":{"line":48,"column":55}},"13":{"start":{"line":48,"column":34},"end":{"line":48,"column":55}},"14":{"start":{"line":49,"column":29},"end":{"line":49,"column":57}},"15":{"start":{"line":49,"column":35},"end":{"line":49,"column":57}},"16":{"start":{"line":51,"column":4},"end":{"line":114,"column":6}}},"fnMap":{"0":{"name":"(anonymous_0)","decl":{"start":{"line":11,"column":4},"end":{"line":11,"column":5}},"loc":{"start":{"line":11,"column":21},"end":{"line":20,"column":5}},"line":11},"1":{"name":"(anonymous_1)","decl":{"start":{"line":14,"column":12},"end":{"line":14,"column":13}},"loc":{"start":{"line":14,"column":30},"end":{"line":18,"column":13}},"line":14},"2":{"name":"(anonymous_2)","decl":{"start":{"line":23,"column":23},"end":{"line":23,"column":24}},"loc":{"start":{"line":23,"column":29},"end":{"line":115,"column":1}},"line":23},"3":{"name":"editQuiz","decl":{"start":{"line":27,"column":13},"end":{"line":27,"column":21}},"loc":{"start":{"line":27,"column":50},"end":{"line":31,"column":5}},"line":27},"4":{"name":"(anonymous_4)","decl":{"start":{"line":29,"column":24},"end":{"line":29,"column":25}},"loc":{"start":{"line":29,"column":44},"end":{"line":29,"column":70}},"line":29},"5":{"name":"addQuiz","decl":{"start":{"line":33,"column":13},"end":{"line":33,"column":20}},"loc":{"start":{"line":33,"column":50},"end":{"line":42,"column":5}},"line":33},"6":{"name":"deleteQuiz","decl":{"start":{"line":44,"column":13},"end":{"line":44,"column":23}},"loc":{"start":{"line":44,"column":37},"end":{"line":46,"column":5}},"line":44},"7":{"name":"(anonymous_7)","decl":{"start":{"line":45,"column":34},"end":{"line":45,"column":35}},"loc":{"start":{"line":45,"column":56},"end":{"line":45,"column":68}},"line":45},"8":{"name":"(anonymous_8)","decl":{"start":{"line":48,"column":28},"end":{"line":48,"column":29}},"loc":{"start":{"line":48,"column":34},"end":{"line":48,"column":55}},"line":48},"9":{"name":"(anonymous_9)","decl":{"start":{"line":49,"column":29},"end":{"line":49,"column":30}},"loc":{"start":{"line":49,"column":35},"end":{"line":49,"column":57}},"line":49}},"branchMap":{"0":{"loc":{"start":{"line":29,"column":44},"end":{"line":29,"column":70}},"type":"cond-expr","locations":[{"start":{"line":29,"column":59},"end":{"line":29,"column":66}},{"start":{"line":29,"column":69},"end":{"line":29,"column":70}}],"line":29}},"s":{"0":2,"1":10,"2":40,"3":2,"4":17,"5":15,"6":0,"7":0,"8":0,"9":0,"10":0,"11":0,"12":15,"13":0,"14":15,"15":0,"16":15},"f":{"0":10,"1":40,"2":17,"3":0,"4":0,"5":0,"6":0,"7":0,"8":0,"9":0},"b":{"0":[0,0]},"_coverageSchema":"1a1c01bbd47fc00a2c39e90264f33305004495a9","hash":"9b2e749083b4a8d543503c3d5803932413d1a24f"}
}
