TN:
SF:src/App.tsx
FN:7,App
FN:15,(anonymous_1)
FNF:2
FNH:1
FNDA:2,App
FNDA:0,(anonymous_1)
DA:8,2
DA:10,1
DA:16,0
LF:3
LH:2
BRDA:19,0,0,1
BRDA:19,0,1,0
BRDA:22,1,0,1
BRDA:22,1,1,0
BRF:4
BRH:2
end_of_record
TN:
SF:src/interfaces/question.ts
FNF:0
FNH:0
LF:0
LH:0
BRF:0
BRH:0
end_of_record
TN:
SF:src/interfaces/quiz.ts
FNF:0
FNH:0
LF:0
LH:0
BRF:0
BRH:0
end_of_record
TN:
SF:src/quizzer/AddQuizModal.tsx
FN:4,(anonymous_0)
FN:16,(anonymous_1)
FN:34,(anonymous_2)
FN:43,(anonymous_3)
FN:51,(anonymous_4)
FNF:5
FNH:1
FNDA:15,(anonymous_0)
FNDA:0,(anonymous_1)
FNDA:0,(anonymous_2)
FNDA:0,(anonymous_3)
FNDA:0,(anonymous_4)
DA:4,2
DA:13,15
DA:14,15
DA:16,15
DA:17,0
DA:18,0
DA:19,0
DA:20,0
DA:23,15
DA:36,0
DA:44,0
DA:52,0
DA:53,0
DA:54,0
LF:14
LH:5
BRF:0
BRH:0
end_of_record
TN:
SF:src/quizzer/QuestionEdit.tsx
FN:7,(anonymous_0)
FN:23,(anonymous_1)
FN:26,(anonymous_2)
FN:33,(anonymous_3)
FN:55,(anonymous_4)
FN:60,(anonymous_5)
FN:73,(anonymous_6)
FN:96,(anonymous_7)
FN:129,(anonymous_8)
FN:172,(anonymous_9)
FN:187,(anonymous_10)
FN:206,(anonymous_11)
FN:226,(anonymous_12)
FN:235,(anonymous_13)
FN:251,(anonymous_14)
FN:260,(anonymous_15)
FNF:16
FNH:0
FNDA:0,(anonymous_0)
FNDA:0,(anonymous_1)
FNDA:0,(anonymous_2)
FNDA:0,(anonymous_3)
FNDA:0,(anonymous_4)
FNDA:0,(anonymous_5)
FNDA:0,(anonymous_6)
FNDA:0,(anonymous_7)
FNDA:0,(anonymous_8)
FNDA:0,(anonymous_9)
FNDA:0,(anonymous_10)
FNDA:0,(anonymous_11)
FNDA:0,(anonymous_12)
FNDA:0,(anonymous_13)
FNDA:0,(anonymous_14)
FNDA:0,(anonymous_15)
DA:7,2
DA:22,0
DA:23,0
DA:26,0
DA:27,0
DA:33,0
DA:34,0
DA:36,0
DA:37,0
DA:55,0
DA:56,0
DA:57,0
DA:60,0
DA:64,0
DA:65,0
DA:66,0
DA:73,0
DA:74,0
DA:75,0
DA:76,0
DA:82,0
DA:99,0
DA:131,0
DA:175,0
DA:188,0
DA:209,0
DA:227,0
DA:236,0
DA:252,0
DA:261,0
LF:30
LH:1
BRDA:36,0,0,0
BRDA:36,0,1,0
BRDA:69,1,0,0
BRDA:69,1,1,0
BRDA:118,2,0,0
BRDA:118,2,1,0
BRDA:152,3,0,0
BRDA:152,3,1,0
BRDA:167,4,0,0
BRDA:167,4,1,0
BRDA:183,5,0,0
BRDA:183,5,1,0
BRF:12
BRH:0
end_of_record
TN:
SF:src/quizzer/QuizCard.tsx
FN:7,(anonymous_0)
FN:15,(anonymous_1)
FN:24,(anonymous_2)
FNF:3
FNH:2
FNDA:75,(anonymous_0)
FNDA:300,(anonymous_1)
FNDA:0,(anonymous_2)
DA:7,2
DA:14,75
DA:16,300
DA:19,75
DA:25,0
LF:5
LH:4
BRDA:16,0,0,300
BRDA:16,0,1,255
BRDA:16,0,2,135
BRDA:32,1,0,75
BRDA:32,1,1,0
BRF:5
BRH:4
end_of_record
TN:
SF:src/quizzer/QuizEdit.tsx
FN:9,(anonymous_0)
FN:24,(anonymous_1)
FN:27,(anonymous_2)
FN:37,(anonymous_3)
FN:40,(anonymous_4)
FN:45,(anonymous_5)
FN:49,(anonymous_6)
FN:53,(anonymous_7)
FN:71,(anonymous_8)
FN:88,(anonymous_9)
FN:103,(anonymous_10)
FN:111,(anonymous_11)
FN:127,(anonymous_12)
FN:153,(anonymous_13)
FN:166,(anonymous_14)
FNF:15
FNH:0
FNDA:0,(anonymous_0)
FNDA:0,(anonymous_1)
FNDA:0,(anonymous_2)
FNDA:0,(anonymous_3)
FNDA:0,(anonymous_4)
FNDA:0,(anonymous_5)
FNDA:0,(anonymous_6)
FNDA:0,(anonymous_7)
FNDA:0,(anonymous_8)
FNDA:0,(anonymous_9)
FNDA:0,(anonymous_10)
FNDA:0,(anonymous_11)
FNDA:0,(anonymous_12)
FNDA:0,(anonymous_13)
FNDA:0,(anonymous_14)
DA:9,2
DA:22,0
DA:24,0
DA:25,0
DA:28,0
DA:29,0
DA:31,0
DA:37,0
DA:38,0
DA:40,0
DA:45,0
DA:46,0
DA:49,0
DA:50,0
DA:54,0
DA:55,0
DA:56,0
DA:62,0
DA:74,0
DA:91,0
DA:104,0
DA:112,0
DA:128,0
DA:154,0
DA:155,0
DA:167,0
DA:168,0
LF:27
LH:1
BRDA:28,0,0,0
BRDA:28,0,1,0
BRDA:54,1,0,0
BRDA:54,1,1,0
BRDA:55,2,0,0
BRDA:55,2,1,0
BRF:6
BRH:0
end_of_record
TN:
SF:src/quizzer/QuizExpanded.tsx
FN:9,(anonymous_0)
FN:21,(anonymous_1)
FN:30,(anonymous_2)
FN:37,(anonymous_3)
FN:41,(anonymous_4)
FN:42,(anonymous_5)
FN:45,(anonymous_6)
FN:50,(anonymous_7)
FN:57,(anonymous_8)
FN:60,(anonymous_9)
FN:87,(anonymous_10)
FN:104,(anonymous_11)
FNF:12
FNH:0
FNDA:0,(anonymous_0)
FNDA:0,(anonymous_1)
FNDA:0,(anonymous_2)
FNDA:0,(anonymous_3)
FNDA:0,(anonymous_4)
FNDA:0,(anonymous_5)
FNDA:0,(anonymous_6)
FNDA:0,(anonymous_7)
FNDA:0,(anonymous_8)
FNDA:0,(anonymous_9)
FNDA:0,(anonymous_10)
FNDA:0,(anonymous_11)
DA:9,2
DA:20,0
DA:22,0
DA:25,0
DA:26,0
DA:30,0
DA:31,0
DA:32,0
DA:33,0
DA:36,0
DA:37,0
DA:41,0
DA:42,0
DA:45,0
DA:46,0
DA:47,0
DA:50,0
DA:54,0
DA:57,0
DA:58,0
DA:61,0
DA:62,0
DA:67,0
DA:73,0
DA:88,0
DA:89,0
DA:105,0
LF:27
LH:1
BRDA:22,0,0,0
BRDA:22,0,1,0
BRDA:22,0,2,0
BRDA:61,1,0,0
BRDA:61,1,1,0
BRDA:80,2,0,0
BRDA:80,2,1,0
BRF:7
BRH:0
end_of_record
TN:
SF:src/quizzer/QuizList.tsx
FN:8,(anonymous_0)
FN:21,(anonymous_1)
FN:25,(anonymous_2)
FN:33,(anonymous_3)
FN:45,(anonymous_4)
FNF:5
FNH:3
FNDA:15,(anonymous_0)
FNDA:0,(anonymous_1)
FNDA:0,(anonymous_2)
FNDA:75,(anonymous_3)
FNDA:75,(anonymous_4)
DA:8,2
DA:19,15
DA:21,15
DA:22,0
DA:25,15
DA:26,0
DA:29,15
DA:34,75
DA:46,75
DA:47,0
DA:57,75
LF:11
LH:8
BRDA:31,0,0,15
BRDA:31,0,1,15
BRDA:46,1,0,0
BRDA:46,1,1,75
BRF:4
BRH:3
end_of_record
TN:
SF:src/quizzer/QuizQuestion.tsx
FN:8,(anonymous_0)
FN:23,(anonymous_1)
FN:29,(anonymous_2)
FN:61,(anonymous_3)
FNF:4
FNH:0
FNDA:0,(anonymous_0)
FNDA:0,(anonymous_1)
FNDA:0,(anonymous_2)
FNDA:0,(anonymous_3)
DA:8,2
DA:23,0
DA:24,0
DA:25,0
DA:29,0
DA:30,0
DA:31,0
DA:32,0
DA:36,0
DA:62,0
LF:10
LH:1
BRDA:24,0,0,0
BRDA:24,0,1,0
BRDA:31,1,0,0
BRDA:31,1,1,0
BRDA:45,2,0,0
BRDA:45,2,1,0
BRDA:49,3,0,0
BRDA:49,3,1,0
BRDA:58,4,0,0
BRDA:58,4,1,0
BRDA:76,5,0,0
BRDA:76,5,1,0
BRDA:77,6,0,0
BRDA:77,6,1,0
BRF:14
BRH:0
end_of_record
TN:
SF:src/quizzer/QuizView.tsx
FN:8,(anonymous_0)
FN:21,(anonymous_1)
FNF:2
FNH:0
FNDA:0,(anonymous_0)
FNDA:0,(anonymous_1)
DA:8,2
DA:19,0
DA:21,0
DA:22,0
DA:25,0
LF:5
LH:1
BRDA:27,0,0,0
BRDA:27,0,1,0
BRF:2
BRH:0
end_of_record
TN:
SF:src/quizzer/Quizzer.tsx
FN:11,(anonymous_0)
FN:14,(anonymous_1)
FN:23,(anonymous_2)
FN:27,editQuiz
FN:29,(anonymous_4)
FN:33,addQuiz
FN:44,deleteQuiz
FN:45,(anonymous_7)
FN:48,(anonymous_8)
FN:49,(anonymous_9)
FNF:10
FNH:3
FNDA:10,(anonymous_0)
FNDA:40,(anonymous_1)
FNDA:17,(anonymous_2)
FNDA:0,editQuiz
FNDA:0,(anonymous_4)
FNDA:0,addQuiz
FNDA:0,deleteQuiz
FNDA:0,(anonymous_7)
FNDA:0,(anonymous_8)
FNDA:0,(anonymous_9)
DA:10,2
DA:11,10
DA:14,40
DA:23,2
DA:24,17
DA:25,15
DA:28,0
DA:29,0
DA:34,0
DA:41,0
DA:45,0
DA:48,15
DA:49,15
DA:51,15
LF:14
LH:9
BRDA:29,0,0,0
BRDA:29,0,1,0
BRF:2
BRH:0
end_of_record
